mode: set
github.com/dimbo1324/eco-grid-vpp-simulator-r/internal/pkg/physics/solar.go:15.92,20.59 2 1
github.com/dimbo1324/eco-grid-vpp-simulator-r/internal/pkg/physics/solar.go:20.59,22.3 1 1
github.com/dimbo1324/eco-grid-vpp-simulator-r/internal/pkg/physics/solar.go:25.2,29.20 4 1
github.com/dimbo1324/eco-grid-vpp-simulator-r/internal/pkg/physics/solar.go:29.20,31.3 1 0
github.com/dimbo1324/eco-grid-vpp-simulator-r/internal/pkg/physics/solar.go:32.2,32.19 1 1
github.com/dimbo1324/eco-grid-vpp-simulator-r/internal/pkg/physics/solar.go:38.68,40.2 1 1
github.com/dimbo1324/eco-grid-vpp-simulator-r/internal/pkg/physics/wind.go:12.56,14.22 1 1
github.com/dimbo1324/eco-grid-vpp-simulator-r/internal/pkg/physics/wind.go:14.22,16.3 1 1
github.com/dimbo1324/eco-grid-vpp-simulator-r/internal/pkg/physics/wind.go:18.2,18.52 1 1
github.com/dimbo1324/eco-grid-vpp-simulator-r/internal/pkg/physics/wind.go:26.65,28.2 1 1
github.com/dimbo1324/eco-grid-vpp-simulator-r/internal/utils/random/value_generator.go:14.53,15.16 1 1
github.com/dimbo1324/eco-grid-vpp-simulator-r/internal/utils/random/value_generator.go:15.16,17.3 1 0
github.com/dimbo1324/eco-grid-vpp-simulator-r/internal/utils/random/value_generator.go:18.2,18.15 1 1
github.com/dimbo1324/eco-grid-vpp-simulator-r/internal/utils/random/value_generator.go:18.15,20.3 1 0
github.com/dimbo1324/eco-grid-vpp-simulator-r/internal/utils/random/value_generator.go:23.2,31.16 7 1
github.com/dimbo1324/eco-grid-vpp-simulator-r/internal/utils/random/value_generator.go:31.16,33.3 1 0
github.com/dimbo1324/eco-grid-vpp-simulator-r/internal/utils/random/value_generator.go:36.2,37.25 2 1
github.com/dimbo1324/eco-grid-vpp-simulator-r/internal/utils/random/value_generator.go:41.51,43.2 1 1
github.com/dimbo1324/eco-grid-vpp-simulator-r/internal/utils/random/value_generator.go:47.57,49.60 1 0
github.com/dimbo1324/eco-grid-vpp-simulator-r/internal/utils/random/value_generator.go:49.60,53.16 4 0
github.com/dimbo1324/eco-grid-vpp-simulator-r/internal/utils/random/value_generator.go:53.16,55.4 1 0
github.com/dimbo1324/eco-grid-vpp-simulator-r/internal/utils/random/value_generator.go:56.3,58.25 3 0
github.com/dimbo1324/eco-grid-vpp-simulator-r/internal/utils/random/value_generator.go:62.2,67.25 4 0
github.com/dimbo1324/eco-grid-vpp-simulator-r/internal/utils/random/value_generator.go:67.25,69.3 1 0
github.com/dimbo1324/eco-grid-vpp-simulator-r/internal/utils/random/value_generator.go:69.8,71.3 1 0
github.com/dimbo1324/eco-grid-vpp-simulator-r/internal/utils/random/value_generator.go:73.2,77.16 4 0
github.com/dimbo1324/eco-grid-vpp-simulator-r/internal/utils/random/value_generator.go:77.16,79.3 1 0
github.com/dimbo1324/eco-grid-vpp-simulator-r/internal/utils/random/value_generator.go:81.2,82.20 2 0
github.com/dimbo1324/eco-grid-vpp-simulator-r/internal/utils/random/value_generator.go:86.49,87.21 1 1
github.com/dimbo1324/eco-grid-vpp-simulator-r/internal/utils/random/value_generator.go:87.21,90.3 2 0
github.com/dimbo1324/eco-grid-vpp-simulator-r/internal/utils/random/value_generator.go:91.2,92.16 2 1
github.com/dimbo1324/eco-grid-vpp-simulator-r/internal/utils/random/value_generator.go:92.16,95.3 2 0
github.com/dimbo1324/eco-grid-vpp-simulator-r/internal/utils/random/value_generator.go:96.2,96.28 1 1
github.com/dimbo1324/eco-grid-vpp-simulator-r/internal/utils/random/value_generator.go:102.48,106.16 3 1
github.com/dimbo1324/eco-grid-vpp-simulator-r/internal/utils/random/value_generator.go:106.16,108.3 1 0
github.com/dimbo1324/eco-grid-vpp-simulator-r/internal/utils/random/value_generator.go:109.2,109.48 1 1
github.com/dimbo1324/eco-grid-vpp-simulator-r/cmd/environment/main.go:22.13,41.26 6 0
github.com/dimbo1324/eco-grid-vpp-simulator-r/cmd/environment/main.go:41.26,44.17 2 0
github.com/dimbo1324/eco-grid-vpp-simulator-r/cmd/environment/main.go:44.17,46.12 2 0
github.com/dimbo1324/eco-grid-vpp-simulator-r/cmd/environment/main.go:51.3,65.53 5 0
github.com/dimbo1324/eco-grid-vpp-simulator-r/cmd/solar-twin/main.go:3.14,3.15 0 0
github.com/dimbo1324/eco-grid-vpp-simulator-r/cmd/wind-twin/main.go:3.14,3.15 0 0
